<?xml version="1.0" encoding="UTF-8"?>
<testsuite xmlns:xsi="http://www.w3.org/2001/XMLSchema-instance" xsi:noNamespaceSchemaLocation="https://maven.apache.org/surefire/maven-surefire-plugin/xsd/surefire-test-report-3.0.xsd" version="3.0" name="gbn.EmissorTest" time="0.179" tests="3" errors="0" skipped="0" failures="0">
  <properties>
[...]
</properties>
  <testcase name="arquivoVazioGeraUmSegmentoVazio" classname="gbn.EmissorTest" time="0.093"/>
  <testcase name="divideArquivoExatoEmSegmentosCompletos" classname="gbn.EmissorTest" time="0.003"/>
  <testcase name="divideArquivoComResto" classname="gbn.EmissorTest" time="0.003"/>
</testsuite>